<?xml version="1.0" encoding="UTF-8"?>
<testng-results skipped="0" failed="1" ignored="0" total="13" passed="12">
  <reporter-output>
  </reporter-output>
  <suite name="Default suite" duration-ms="12221" started-at="2018-06-26T16:07:00Z" finished-at="2018-06-26T16:07:12Z">
    <groups>
    </groups>
    <test name="Default test" duration-ms="12221" started-at="2018-06-26T16:07:00Z" finished-at="2018-06-26T16:07:12Z">
      <class name="com.comicrelief.identityService.CreateAccountTest">
        <test-method status="PASS" signature="testSetUp()[pri:0, instance:com.comicrelief.identityService.CreateAccountTest@91161c7]" name="testSetUp" is-config="true" duration-ms="864" started-at="2018-06-26T16:07:00Z" finished-at="2018-06-26T16:07:01Z">
          <reporter-output>
          </reporter-output>
        </test-method> <!-- testSetUp -->
        <test-method status="FAIL" signature="createAccountForPendingUser()[pri:0, instance:com.comicrelief.identityService.CreateAccountTest@91161c7]" name="createAccountForPendingUser" duration-ms="2475" started-at="2018-06-26T16:07:01Z" finished-at="2018-06-26T16:07:03Z">
          <exception class="java.lang.AssertionError">
            <message>
              <![CDATA[1 expectation failed.
Expected status code <200> but was <400>.
]]>
            </message>
            <full-stacktrace>
              <![CDATA[java.lang.AssertionError: 1 expectation failed.
Expected status code <200> but was <400>.

at sun.reflect.NativeConstructorAccessorImpl.newInstance0(Native Method)
at sun.reflect.NativeConstructorAccessorImpl.newInstance(NativeConstructorAccessorImpl.java:62)
at sun.reflect.DelegatingConstructorAccessorImpl.newInstance(DelegatingConstructorAccessorImpl.java:45)
at java.lang.reflect.Constructor.newInstance(Constructor.java:423)
at org.codehaus.groovy.reflection.CachedConstructor.invoke(CachedConstructor.java:83)
at org.codehaus.groovy.reflection.CachedConstructor.doConstructorInvoke(CachedConstructor.java:77)
at org.codehaus.groovy.runtime.callsite.ConstructorSite$ConstructorSiteNoUnwrap.callConstructor(ConstructorSite.java:84)
at org.codehaus.groovy.runtime.callsite.CallSiteArray.defaultCallConstructor(CallSiteArray.java:60)
at org.codehaus.groovy.runtime.callsite.AbstractCallSite.callConstructor(AbstractCallSite.java:235)
at org.codehaus.groovy.runtime.callsite.AbstractCallSite.callConstructor(AbstractCallSite.java:247)
at io.restassured.internal.ResponseSpecificationImpl$HamcrestAssertionClosure.validate(ResponseSpecificationImpl.groovy:483)
at io.restassured.internal.ResponseSpecificationImpl$HamcrestAssertionClosure$validate$1.call(Unknown Source)
at io.restassured.internal.ResponseSpecificationImpl.validateResponseIfRequired(ResponseSpecificationImpl.groovy:655)
at sun.reflect.NativeMethodAccessorImpl.invoke0(Native Method)
at sun.reflect.NativeMethodAccessorImpl.invoke(NativeMethodAccessorImpl.java:62)
at sun.reflect.DelegatingMethodAccessorImpl.invoke(DelegatingMethodAccessorImpl.java:43)
at java.lang.reflect.Method.invoke(Method.java:498)
at org.codehaus.groovy.runtime.callsite.PogoMetaMethodSite$PogoCachedMethodSiteNoUnwrapNoCoerce.invoke(PogoMetaMethodSite.java:210)
at org.codehaus.groovy.runtime.callsite.PogoMetaMethodSite.callCurrent(PogoMetaMethodSite.java:59)
at org.codehaus.groovy.runtime.callsite.AbstractCallSite.callCurrent(AbstractCallSite.java:166)
at io.restassured.internal.ResponseSpecificationImpl.statusCode(ResponseSpecificationImpl.groovy:123)
at io.restassured.specification.ResponseSpecification$statusCode$0.callCurrent(Unknown Source)
at io.restassured.internal.ResponseSpecificationImpl.statusCode(ResponseSpecificationImpl.groovy:131)
at io.restassured.internal.ValidatableResponseOptionsImpl.statusCode(ValidatableResponseOptionsImpl.java:119)
at com.comicrelief.identityService.CreateAccountTest.createAccountForPendingUser(CreateAccountTest.java:217)
at sun.reflect.NativeMethodAccessorImpl.invoke0(Native Method)
at sun.reflect.NativeMethodAccessorImpl.invoke(NativeMethodAccessorImpl.java:62)
at sun.reflect.DelegatingMethodAccessorImpl.invoke(DelegatingMethodAccessorImpl.java:43)
at java.lang.reflect.Method.invoke(Method.java:498)
at org.testng.internal.MethodInvocationHelper.invokeMethod(MethodInvocationHelper.java:124)
at org.testng.internal.Invoker.invokeMethod(Invoker.java:583)
at org.testng.internal.Invoker.invokeTestMethod(Invoker.java:719)
at org.testng.internal.Invoker.invokeTestMethods(Invoker.java:989)
at org.testng.internal.TestMethodWorker.invokeTestMethods(TestMethodWorker.java:125)
at org.testng.internal.TestMethodWorker.run(TestMethodWorker.java:109)
at org.testng.TestRunner.privateRun(TestRunner.java:648)
at org.testng.TestRunner.run(TestRunner.java:505)
at org.testng.SuiteRunner.runTest(SuiteRunner.java:455)
at org.testng.SuiteRunner.runSequentially(SuiteRunner.java:450)
at org.testng.SuiteRunner.privateRun(SuiteRunner.java:415)
at org.testng.SuiteRunner.run(SuiteRunner.java:364)
at org.testng.SuiteRunnerWorker.runSuite(SuiteRunnerWorker.java:52)
at org.testng.SuiteRunnerWorker.run(SuiteRunnerWorker.java:84)
at org.testng.TestNG.runSuitesSequentially(TestNG.java:1208)
at org.testng.TestNG.runSuitesLocally(TestNG.java:1137)
at org.testng.TestNG.runSuites(TestNG.java:1049)
at org.testng.TestNG.run(TestNG.java:1017)
at org.testng.remote.AbstractRemoteTestNG.run(AbstractRemoteTestNG.java:114)
at org.testng.remote.RemoteTestNG.initAndRun(RemoteTestNG.java:251)
at org.testng.remote.RemoteTestNG.main(RemoteTestNG.java:77)
]]>
            </full-stacktrace>
          </exception> <!-- java.lang.AssertionError -->
          <reporter-output>
          </reporter-output>
        </test-method> <!-- createAccountForPendingUser -->
        <test-method status="PASS" signature="createAccountNoData()[pri:0, instance:com.comicrelief.identityService.CreateAccountTest@91161c7]" name="createAccountNoData" duration-ms="901" started-at="2018-06-26T16:07:03Z" finished-at="2018-06-26T16:07:04Z">
          <reporter-output>
          </reporter-output>
        </test-method> <!-- createAccountNoData -->
        <test-method status="PASS" signature="createAccountWithEmptyEmail()[pri:0, instance:com.comicrelief.identityService.CreateAccountTest@91161c7]" name="createAccountWithEmptyEmail" duration-ms="615" started-at="2018-06-26T16:07:04Z" finished-at="2018-06-26T16:07:05Z">
          <reporter-output>
          </reporter-output>
        </test-method> <!-- createAccountWithEmptyEmail -->
        <test-method status="PASS" signature="createAccountWithEmptyFirstName()[pri:0, instance:com.comicrelief.identityService.CreateAccountTest@91161c7]" name="createAccountWithEmptyFirstName" duration-ms="651" started-at="2018-06-26T16:07:05Z" finished-at="2018-06-26T16:07:05Z">
          <reporter-output>
          </reporter-output>
        </test-method> <!-- createAccountWithEmptyFirstName -->
        <test-method status="PASS" signature="createAccountWithEmptyLastName()[pri:0, instance:com.comicrelief.identityService.CreateAccountTest@91161c7]" name="createAccountWithEmptyLastName" duration-ms="736" started-at="2018-06-26T16:07:05Z" finished-at="2018-06-26T16:07:06Z">
          <reporter-output>
          </reporter-output>
        </test-method> <!-- createAccountWithEmptyLastName -->
        <test-method status="PASS" signature="createAccountWithEmptyPassword()[pri:0, instance:com.comicrelief.identityService.CreateAccountTest@91161c7]" name="createAccountWithEmptyPassword" duration-ms="597" started-at="2018-06-26T16:07:06Z" finished-at="2018-06-26T16:07:07Z">
          <reporter-output>
          </reporter-output>
        </test-method> <!-- createAccountWithEmptyPassword -->
        <test-method status="PASS" signature="createAccountWithEmptyTerms()[pri:0, instance:com.comicrelief.identityService.CreateAccountTest@91161c7]" name="createAccountWithEmptyTerms" duration-ms="661" started-at="2018-06-26T16:07:07Z" finished-at="2018-06-26T16:07:07Z">
          <reporter-output>
          </reporter-output>
        </test-method> <!-- createAccountWithEmptyTerms -->
        <test-method status="PASS" signature="createAccountWithExistingEmail()[pri:0, instance:com.comicrelief.identityService.CreateAccountTest@91161c7]" name="createAccountWithExistingEmail" duration-ms="1283" started-at="2018-06-26T16:07:07Z" finished-at="2018-06-26T16:07:09Z">
          <reporter-output>
          </reporter-output>
        </test-method> <!-- createAccountWithExistingEmail -->
        <test-method status="PASS" signature="createAccountWithFalseTerms()[pri:0, instance:com.comicrelief.identityService.CreateAccountTest@91161c7]" name="createAccountWithFalseTerms" duration-ms="674" started-at="2018-06-26T16:07:09Z" finished-at="2018-06-26T16:07:09Z">
          <reporter-output>
          </reporter-output>
        </test-method> <!-- createAccountWithFalseTerms -->
        <test-method status="PASS" signature="createAccountWithInvalidEmail()[pri:0, instance:com.comicrelief.identityService.CreateAccountTest@91161c7]" name="createAccountWithInvalidEmail" duration-ms="673" started-at="2018-06-26T16:07:09Z" finished-at="2018-06-26T16:07:10Z">
          <reporter-output>
          </reporter-output>
        </test-method> <!-- createAccountWithInvalidEmail -->
        <test-method status="PASS" signature="createAccountWithInvalidPassword()[pri:0, instance:com.comicrelief.identityService.CreateAccountTest@91161c7]" name="createAccountWithInvalidPassword" duration-ms="635" started-at="2018-06-26T16:07:10Z" finished-at="2018-06-26T16:07:11Z">
          <reporter-output>
          </reporter-output>
        </test-method> <!-- createAccountWithInvalidPassword -->
        <test-method status="PASS" signature="createO16Account()[pri:0, instance:com.comicrelief.identityService.CreateAccountTest@91161c7]" name="createO16Account" duration-ms="668" started-at="2018-06-26T16:07:11Z" finished-at="2018-06-26T16:07:11Z">
          <reporter-output>
          </reporter-output>
        </test-method> <!-- createO16Account -->
        <test-method status="PASS" signature="createU16Account()[pri:0, instance:com.comicrelief.identityService.CreateAccountTest@91161c7]" name="createU16Account" duration-ms="732" started-at="2018-06-26T16:07:11Z" finished-at="2018-06-26T16:07:12Z">
          <reporter-output>
          </reporter-output>
        </test-method> <!-- createU16Account -->
      </class> <!-- com.comicrelief.identityService.CreateAccountTest -->
    </test> <!-- Default test -->
  </suite> <!-- Default suite -->
</testng-results>
